<?xml version="1.0" encoding="UTF-8"?>
<testsuite xmlns:xsi="http://www.w3.org/2001/XMLSchema-instance" xsi:noNamespaceSchemaLocation="https://maven.apache.org/surefire/maven-surefire-plugin/xsd/surefire-test-report.xsd" name="com.xiao.bootwebadmin.BootWebAdminApplicationTests" time="19.815" tests="2" errors="1" skipped="0" failures="0">
  <properties>
    <property name="sun.desktop" value="windows"/>
    <property name="awt.toolkit" value="sun.awt.windows.WToolkit"/>
    <property name="file.encoding.pkg" value="sun.io"/>
    <property name="java.specification.version" value="1.8"/>
    <property name="sun.cpu.isalist" value="amd64"/>
    <property name="sun.jnu.encoding" value="GBK"/>
    <property name="java.class.path" value="D:\JavaLearn\JavaEE\SpringBootStudy\boot-web-admin\target\test-classes;D:\JavaLearn\JavaEE\SpringBootStudy\boot-web-admin\target\classes;D:\MyMaven\MyRepository\org\springframework\boot\spring-boot-starter-thymeleaf\2.5.1\spring-boot-starter-thymeleaf-2.5.1.jar;D:\MyMaven\MyRepository\org\springframework\boot\spring-boot-starter\2.5.1\spring-boot-starter-2.5.1.jar;D:\MyMaven\MyRepository\org\springframework\boot\spring-boot-starter-logging\2.5.1\spring-boot-starter-logging-2.5.1.jar;D:\MyMaven\MyRepository\ch\qos\logback\logback-classic\1.2.3\logback-classic-1.2.3.jar;D:\MyMaven\MyRepository\ch\qos\logback\logback-core\1.2.3\logback-core-1.2.3.jar;D:\MyMaven\MyRepository\org\apache\logging\log4j\log4j-to-slf4j\2.14.1\log4j-to-slf4j-2.14.1.jar;D:\MyMaven\MyRepository\org\apache\logging\log4j\log4j-api\2.14.1\log4j-api-2.14.1.jar;D:\MyMaven\MyRepository\org\slf4j\jul-to-slf4j\1.7.30\jul-to-slf4j-1.7.30.jar;D:\MyMaven\MyRepository\jakarta\annotation\jakarta.annotation-api\1.3.5\jakarta.annotation-api-1.3.5.jar;D:\MyMaven\MyRepository\org\yaml\snakeyaml\1.28\snakeyaml-1.28.jar;D:\MyMaven\MyRepository\org\thymeleaf\thymeleaf-spring5\3.0.12.RELEASE\thymeleaf-spring5-3.0.12.RELEASE.jar;D:\MyMaven\MyRepository\org\thymeleaf\thymeleaf\3.0.12.RELEASE\thymeleaf-3.0.12.RELEASE.jar;D:\MyMaven\MyRepository\org\attoparser\attoparser\2.0.5.RELEASE\attoparser-2.0.5.RELEASE.jar;D:\MyMaven\MyRepository\org\unbescape\unbescape\1.1.6.RELEASE\unbescape-1.1.6.RELEASE.jar;D:\MyMaven\MyRepository\org\thymeleaf\extras\thymeleaf-extras-java8time\3.0.4.RELEASE\thymeleaf-extras-java8time-3.0.4.RELEASE.jar;D:\MyMaven\MyRepository\org\springframework\boot\spring-boot-starter-web\2.5.1\spring-boot-starter-web-2.5.1.jar;D:\MyMaven\MyRepository\org\springframework\boot\spring-boot-starter-json\2.5.1\spring-boot-starter-json-2.5.1.jar;D:\MyMaven\MyRepository\com\fasterxml\jackson\core\jackson-databind\2.12.3\jackson-databind-2.12.3.jar;D:\MyMaven\MyRepository\com\fasterxml\jackson\core\jackson-annotations\2.12.3\jackson-annotations-2.12.3.jar;D:\MyMaven\MyRepository\com\fasterxml\jackson\core\jackson-core\2.12.3\jackson-core-2.12.3.jar;D:\MyMaven\MyRepository\com\fasterxml\jackson\datatype\jackson-datatype-jdk8\2.12.3\jackson-datatype-jdk8-2.12.3.jar;D:\MyMaven\MyRepository\com\fasterxml\jackson\datatype\jackson-datatype-jsr310\2.12.3\jackson-datatype-jsr310-2.12.3.jar;D:\MyMaven\MyRepository\com\fasterxml\jackson\module\jackson-module-parameter-names\2.12.3\jackson-module-parameter-names-2.12.3.jar;D:\MyMaven\MyRepository\org\springframework\boot\spring-boot-starter-tomcat\2.5.1\spring-boot-starter-tomcat-2.5.1.jar;D:\MyMaven\MyRepository\org\apache\tomcat\embed\tomcat-embed-core\9.0.46\tomcat-embed-core-9.0.46.jar;D:\MyMaven\MyRepository\org\apache\tomcat\embed\tomcat-embed-el\9.0.46\tomcat-embed-el-9.0.46.jar;D:\MyMaven\MyRepository\org\apache\tomcat\embed\tomcat-embed-websocket\9.0.46\tomcat-embed-websocket-9.0.46.jar;D:\MyMaven\MyRepository\org\springframework\spring-web\5.3.8\spring-web-5.3.8.jar;D:\MyMaven\MyRepository\org\springframework\spring-beans\5.3.8\spring-beans-5.3.8.jar;D:\MyMaven\MyRepository\org\springframework\spring-webmvc\5.3.8\spring-webmvc-5.3.8.jar;D:\MyMaven\MyRepository\org\springframework\spring-aop\5.3.8\spring-aop-5.3.8.jar;D:\MyMaven\MyRepository\org\springframework\spring-context\5.3.8\spring-context-5.3.8.jar;D:\MyMaven\MyRepository\org\springframework\spring-expression\5.3.8\spring-expression-5.3.8.jar;D:\MyMaven\MyRepository\org\springframework\boot\spring-boot-devtools\2.5.1\spring-boot-devtools-2.5.1.jar;D:\MyMaven\MyRepository\org\springframework\boot\spring-boot\2.5.1\spring-boot-2.5.1.jar;D:\MyMaven\MyRepository\org\springframework\boot\spring-boot-autoconfigure\2.5.1\spring-boot-autoconfigure-2.5.1.jar;D:\MyMaven\MyRepository\org\springframework\boot\spring-boot-configuration-processor\2.5.1\spring-boot-configuration-processor-2.5.1.jar;D:\MyMaven\MyRepository\org\projectlombok\lombok\1.18.20\lombok-1.18.20.jar;D:\MyMaven\MyRepository\org\springframework\boot\spring-boot-starter-test\2.5.1\spring-boot-starter-test-2.5.1.jar;D:\MyMaven\MyRepository\org\springframework\boot\spring-boot-test\2.5.1\spring-boot-test-2.5.1.jar;D:\MyMaven\MyRepository\org\springframework\boot\spring-boot-test-autoconfigure\2.5.1\spring-boot-test-autoconfigure-2.5.1.jar;D:\MyMaven\MyRepository\com\jayway\jsonpath\json-path\2.5.0\json-path-2.5.0.jar;D:\MyMaven\MyRepository\net\minidev\json-smart\2.4.7\json-smart-2.4.7.jar;D:\MyMaven\MyRepository\net\minidev\accessors-smart\2.4.7\accessors-smart-2.4.7.jar;D:\MyMaven\MyRepository\org\ow2\asm\asm\9.1\asm-9.1.jar;D:\MyMaven\MyRepository\jakarta\xml\bind\jakarta.xml.bind-api\2.3.3\jakarta.xml.bind-api-2.3.3.jar;D:\MyMaven\MyRepository\jakarta\activation\jakarta.activation-api\1.2.2\jakarta.activation-api-1.2.2.jar;D:\MyMaven\MyRepository\org\assertj\assertj-core\3.19.0\assertj-core-3.19.0.jar;D:\MyMaven\MyRepository\org\hamcrest\hamcrest\2.2\hamcrest-2.2.jar;D:\MyMaven\MyRepository\org\junit\jupiter\junit-jupiter\5.7.2\junit-jupiter-5.7.2.jar;D:\MyMaven\MyRepository\org\junit\jupiter\junit-jupiter-api\5.7.2\junit-jupiter-api-5.7.2.jar;D:\MyMaven\MyRepository\org\junit\jupiter\junit-jupiter-params\5.7.2\junit-jupiter-params-5.7.2.jar;D:\MyMaven\MyRepository\org\junit\jupiter\junit-jupiter-engine\5.7.2\junit-jupiter-engine-5.7.2.jar;D:\MyMaven\MyRepository\org\mockito\mockito-core\3.9.0\mockito-core-3.9.0.jar;D:\MyMaven\MyRepository\net\bytebuddy\byte-buddy\1.10.22\byte-buddy-1.10.22.jar;D:\MyMaven\MyRepository\net\bytebuddy\byte-buddy-agent\1.10.22\byte-buddy-agent-1.10.22.jar;D:\MyMaven\MyRepository\org\objenesis\objenesis\3.2\objenesis-3.2.jar;D:\MyMaven\MyRepository\org\mockito\mockito-junit-jupiter\3.9.0\mockito-junit-jupiter-3.9.0.jar;D:\MyMaven\MyRepository\org\skyscreamer\jsonassert\1.5.0\jsonassert-1.5.0.jar;D:\MyMaven\MyRepository\com\vaadin\external\google\android-json\0.0.20131108.vaadin1\android-json-0.0.20131108.vaadin1.jar;D:\MyMaven\MyRepository\org\springframework\spring-core\5.3.8\spring-core-5.3.8.jar;D:\MyMaven\MyRepository\org\springframework\spring-jcl\5.3.8\spring-jcl-5.3.8.jar;D:\MyMaven\MyRepository\org\springframework\spring-test\5.3.8\spring-test-5.3.8.jar;D:\MyMaven\MyRepository\org\xmlunit\xmlunit-core\2.8.2\xmlunit-core-2.8.2.jar;D:\MyMaven\MyRepository\mysql\mysql-connector-java\8.0.25\mysql-connector-java-8.0.25.jar;D:\MyMaven\MyRepository\com\alibaba\druid-spring-boot-starter\1.2.6\druid-spring-boot-starter-1.2.6.jar;D:\MyMaven\MyRepository\com\alibaba\druid\1.2.6\druid-1.2.6.jar;D:\MyMaven\MyRepository\org\slf4j\slf4j-api\1.7.30\slf4j-api-1.7.30.jar;D:\MyMaven\MyRepository\com\baomidou\mybatis-plus-boot-starter\3.4.3\mybatis-plus-boot-starter-3.4.3.jar;D:\MyMaven\MyRepository\com\baomidou\mybatis-plus\3.4.3\mybatis-plus-3.4.3.jar;D:\MyMaven\MyRepository\com\baomidou\mybatis-plus-extension\3.4.3\mybatis-plus-extension-3.4.3.jar;D:\MyMaven\MyRepository\com\baomidou\mybatis-plus-core\3.4.3\mybatis-plus-core-3.4.3.jar;D:\MyMaven\MyRepository\com\baomidou\mybatis-plus-annotation\3.4.3\mybatis-plus-annotation-3.4.3.jar;D:\MyMaven\MyRepository\com\github\jsqlparser\jsqlparser\4.0\jsqlparser-4.0.jar;D:\MyMaven\MyRepository\org\mybatis\mybatis\3.5.7\mybatis-3.5.7.jar;D:\MyMaven\MyRepository\org\mybatis\mybatis-spring\2.0.6\mybatis-spring-2.0.6.jar;D:\MyMaven\MyRepository\org\springframework\boot\spring-boot-starter-jdbc\2.5.1\spring-boot-starter-jdbc-2.5.1.jar;D:\MyMaven\MyRepository\com\zaxxer\HikariCP\4.0.3\HikariCP-4.0.3.jar;D:\MyMaven\MyRepository\org\springframework\spring-jdbc\5.3.8\spring-jdbc-5.3.8.jar;D:\MyMaven\MyRepository\org\springframework\boot\spring-boot-starter-data-redis\2.5.1\spring-boot-starter-data-redis-2.5.1.jar;D:\MyMaven\MyRepository\org\springframework\data\spring-data-redis\2.5.1\spring-data-redis-2.5.1.jar;D:\MyMaven\MyRepository\org\springframework\data\spring-data-keyvalue\2.5.1\spring-data-keyvalue-2.5.1.jar;D:\MyMaven\MyRepository\org\springframework\data\spring-data-commons\2.5.1\spring-data-commons-2.5.1.jar;D:\MyMaven\MyRepository\org\springframework\spring-tx\5.3.8\spring-tx-5.3.8.jar;D:\MyMaven\MyRepository\org\springframework\spring-oxm\5.3.8\spring-oxm-5.3.8.jar;D:\MyMaven\MyRepository\org\springframework\spring-context-support\5.3.8\spring-context-support-5.3.8.jar;D:\MyMaven\MyRepository\io\lettuce\lettuce-core\6.1.2.RELEASE\lettuce-core-6.1.2.RELEASE.jar;D:\MyMaven\MyRepository\io\netty\netty-common\4.1.65.Final\netty-common-4.1.65.Final.jar;D:\MyMaven\MyRepository\io\netty\netty-handler\4.1.65.Final\netty-handler-4.1.65.Final.jar;D:\MyMaven\MyRepository\io\netty\netty-resolver\4.1.65.Final\netty-resolver-4.1.65.Final.jar;D:\MyMaven\MyRepository\io\netty\netty-buffer\4.1.65.Final\netty-buffer-4.1.65.Final.jar;D:\MyMaven\MyRepository\io\netty\netty-codec\4.1.65.Final\netty-codec-4.1.65.Final.jar;D:\MyMaven\MyRepository\io\netty\netty-transport\4.1.65.Final\netty-transport-4.1.65.Final.jar;D:\MyMaven\MyRepository\io\projectreactor\reactor-core\3.4.6\reactor-core-3.4.6.jar;D:\MyMaven\MyRepository\org\reactivestreams\reactive-streams\1.0.3\reactive-streams-1.0.3.jar;D:\MyMaven\MyRepository\org\junit\vintage\junit-vintage-engine\5.7.2\junit-vintage-engine-5.7.2.jar;D:\MyMaven\MyRepository\org\apiguardian\apiguardian-api\1.1.0\apiguardian-api-1.1.0.jar;D:\MyMaven\MyRepository\org\junit\platform\junit-platform-engine\1.7.2\junit-platform-engine-1.7.2.jar;D:\MyMaven\MyRepository\org\opentest4j\opentest4j\1.2.0\opentest4j-1.2.0.jar;D:\MyMaven\MyRepository\org\junit\platform\junit-platform-commons\1.7.2\junit-platform-commons-1.7.2.jar;D:\MyMaven\MyRepository\junit\junit\4.13.2\junit-4.13.2.jar;"/>
    <property name="java.vm.vendor" value="Oracle Corporation"/>
    <property name="sun.arch.data.model" value="64"/>
    <property name="user.variant" value=""/>
    <property name="java.vendor.url" value="http://java.oracle.com/"/>
    <property name="user.timezone" value="Asia/Shanghai"/>
    <property name="java.vm.specification.version" value="1.8"/>
    <property name="os.name" value="Windows 10"/>
    <property name="user.country" value="CN"/>
    <property name="sun.java.launcher" value="SUN_STANDARD"/>
    <property name="sun.boot.library.path" value="C:\Program Files\Java\jdk1.8.0_181\jre\bin"/>
    <property name="sun.java.command" value="C:\Users\肖江辉\AppData\Local\Temp\surefire1845605821706883569\surefirebooter1291563356477036904.jar C:\Users\肖江辉\AppData\Local\Temp\surefire1845605821706883569 2021-07-07T19-09-59_603-jvmRun1 surefire664200654471833829tmp surefire_08810241214226784987tmp"/>
    <property name="surefire.test.class.path" value="D:\JavaLearn\JavaEE\SpringBootStudy\boot-web-admin\target\test-classes;D:\JavaLearn\JavaEE\SpringBootStudy\boot-web-admin\target\classes;D:\MyMaven\MyRepository\org\springframework\boot\spring-boot-starter-thymeleaf\2.5.1\spring-boot-starter-thymeleaf-2.5.1.jar;D:\MyMaven\MyRepository\org\springframework\boot\spring-boot-starter\2.5.1\spring-boot-starter-2.5.1.jar;D:\MyMaven\MyRepository\org\springframework\boot\spring-boot-starter-logging\2.5.1\spring-boot-starter-logging-2.5.1.jar;D:\MyMaven\MyRepository\ch\qos\logback\logback-classic\1.2.3\logback-classic-1.2.3.jar;D:\MyMaven\MyRepository\ch\qos\logback\logback-core\1.2.3\logback-core-1.2.3.jar;D:\MyMaven\MyRepository\org\apache\logging\log4j\log4j-to-slf4j\2.14.1\log4j-to-slf4j-2.14.1.jar;D:\MyMaven\MyRepository\org\apache\logging\log4j\log4j-api\2.14.1\log4j-api-2.14.1.jar;D:\MyMaven\MyRepository\org\slf4j\jul-to-slf4j\1.7.30\jul-to-slf4j-1.7.30.jar;D:\MyMaven\MyRepository\jakarta\annotation\jakarta.annotation-api\1.3.5\jakarta.annotation-api-1.3.5.jar;D:\MyMaven\MyRepository\org\yaml\snakeyaml\1.28\snakeyaml-1.28.jar;D:\MyMaven\MyRepository\org\thymeleaf\thymeleaf-spring5\3.0.12.RELEASE\thymeleaf-spring5-3.0.12.RELEASE.jar;D:\MyMaven\MyRepository\org\thymeleaf\thymeleaf\3.0.12.RELEASE\thymeleaf-3.0.12.RELEASE.jar;D:\MyMaven\MyRepository\org\attoparser\attoparser\2.0.5.RELEASE\attoparser-2.0.5.RELEASE.jar;D:\MyMaven\MyRepository\org\unbescape\unbescape\1.1.6.RELEASE\unbescape-1.1.6.RELEASE.jar;D:\MyMaven\MyRepository\org\thymeleaf\extras\thymeleaf-extras-java8time\3.0.4.RELEASE\thymeleaf-extras-java8time-3.0.4.RELEASE.jar;D:\MyMaven\MyRepository\org\springframework\boot\spring-boot-starter-web\2.5.1\spring-boot-starter-web-2.5.1.jar;D:\MyMaven\MyRepository\org\springframework\boot\spring-boot-starter-json\2.5.1\spring-boot-starter-json-2.5.1.jar;D:\MyMaven\MyRepository\com\fasterxml\jackson\core\jackson-databind\2.12.3\jackson-databind-2.12.3.jar;D:\MyMaven\MyRepository\com\fasterxml\jackson\core\jackson-annotations\2.12.3\jackson-annotations-2.12.3.jar;D:\MyMaven\MyRepository\com\fasterxml\jackson\core\jackson-core\2.12.3\jackson-core-2.12.3.jar;D:\MyMaven\MyRepository\com\fasterxml\jackson\datatype\jackson-datatype-jdk8\2.12.3\jackson-datatype-jdk8-2.12.3.jar;D:\MyMaven\MyRepository\com\fasterxml\jackson\datatype\jackson-datatype-jsr310\2.12.3\jackson-datatype-jsr310-2.12.3.jar;D:\MyMaven\MyRepository\com\fasterxml\jackson\module\jackson-module-parameter-names\2.12.3\jackson-module-parameter-names-2.12.3.jar;D:\MyMaven\MyRepository\org\springframework\boot\spring-boot-starter-tomcat\2.5.1\spring-boot-starter-tomcat-2.5.1.jar;D:\MyMaven\MyRepository\org\apache\tomcat\embed\tomcat-embed-core\9.0.46\tomcat-embed-core-9.0.46.jar;D:\MyMaven\MyRepository\org\apache\tomcat\embed\tomcat-embed-el\9.0.46\tomcat-embed-el-9.0.46.jar;D:\MyMaven\MyRepository\org\apache\tomcat\embed\tomcat-embed-websocket\9.0.46\tomcat-embed-websocket-9.0.46.jar;D:\MyMaven\MyRepository\org\springframework\spring-web\5.3.8\spring-web-5.3.8.jar;D:\MyMaven\MyRepository\org\springframework\spring-beans\5.3.8\spring-beans-5.3.8.jar;D:\MyMaven\MyRepository\org\springframework\spring-webmvc\5.3.8\spring-webmvc-5.3.8.jar;D:\MyMaven\MyRepository\org\springframework\spring-aop\5.3.8\spring-aop-5.3.8.jar;D:\MyMaven\MyRepository\org\springframework\spring-context\5.3.8\spring-context-5.3.8.jar;D:\MyMaven\MyRepository\org\springframework\spring-expression\5.3.8\spring-expression-5.3.8.jar;D:\MyMaven\MyRepository\org\springframework\boot\spring-boot-devtools\2.5.1\spring-boot-devtools-2.5.1.jar;D:\MyMaven\MyRepository\org\springframework\boot\spring-boot\2.5.1\spring-boot-2.5.1.jar;D:\MyMaven\MyRepository\org\springframework\boot\spring-boot-autoconfigure\2.5.1\spring-boot-autoconfigure-2.5.1.jar;D:\MyMaven\MyRepository\org\springframework\boot\spring-boot-configuration-processor\2.5.1\spring-boot-configuration-processor-2.5.1.jar;D:\MyMaven\MyRepository\org\projectlombok\lombok\1.18.20\lombok-1.18.20.jar;D:\MyMaven\MyRepository\org\springframework\boot\spring-boot-starter-test\2.5.1\spring-boot-starter-test-2.5.1.jar;D:\MyMaven\MyRepository\org\springframework\boot\spring-boot-test\2.5.1\spring-boot-test-2.5.1.jar;D:\MyMaven\MyRepository\org\springframework\boot\spring-boot-test-autoconfigure\2.5.1\spring-boot-test-autoconfigure-2.5.1.jar;D:\MyMaven\MyRepository\com\jayway\jsonpath\json-path\2.5.0\json-path-2.5.0.jar;D:\MyMaven\MyRepository\net\minidev\json-smart\2.4.7\json-smart-2.4.7.jar;D:\MyMaven\MyRepository\net\minidev\accessors-smart\2.4.7\accessors-smart-2.4.7.jar;D:\MyMaven\MyRepository\org\ow2\asm\asm\9.1\asm-9.1.jar;D:\MyMaven\MyRepository\jakarta\xml\bind\jakarta.xml.bind-api\2.3.3\jakarta.xml.bind-api-2.3.3.jar;D:\MyMaven\MyRepository\jakarta\activation\jakarta.activation-api\1.2.2\jakarta.activation-api-1.2.2.jar;D:\MyMaven\MyRepository\org\assertj\assertj-core\3.19.0\assertj-core-3.19.0.jar;D:\MyMaven\MyRepository\org\hamcrest\hamcrest\2.2\hamcrest-2.2.jar;D:\MyMaven\MyRepository\org\junit\jupiter\junit-jupiter\5.7.2\junit-jupiter-5.7.2.jar;D:\MyMaven\MyRepository\org\junit\jupiter\junit-jupiter-api\5.7.2\junit-jupiter-api-5.7.2.jar;D:\MyMaven\MyRepository\org\junit\jupiter\junit-jupiter-params\5.7.2\junit-jupiter-params-5.7.2.jar;D:\MyMaven\MyRepository\org\junit\jupiter\junit-jupiter-engine\5.7.2\junit-jupiter-engine-5.7.2.jar;D:\MyMaven\MyRepository\org\mockito\mockito-core\3.9.0\mockito-core-3.9.0.jar;D:\MyMaven\MyRepository\net\bytebuddy\byte-buddy\1.10.22\byte-buddy-1.10.22.jar;D:\MyMaven\MyRepository\net\bytebuddy\byte-buddy-agent\1.10.22\byte-buddy-agent-1.10.22.jar;D:\MyMaven\MyRepository\org\objenesis\objenesis\3.2\objenesis-3.2.jar;D:\MyMaven\MyRepository\org\mockito\mockito-junit-jupiter\3.9.0\mockito-junit-jupiter-3.9.0.jar;D:\MyMaven\MyRepository\org\skyscreamer\jsonassert\1.5.0\jsonassert-1.5.0.jar;D:\MyMaven\MyRepository\com\vaadin\external\google\android-json\0.0.20131108.vaadin1\android-json-0.0.20131108.vaadin1.jar;D:\MyMaven\MyRepository\org\springframework\spring-core\5.3.8\spring-core-5.3.8.jar;D:\MyMaven\MyRepository\org\springframework\spring-jcl\5.3.8\spring-jcl-5.3.8.jar;D:\MyMaven\MyRepository\org\springframework\spring-test\5.3.8\spring-test-5.3.8.jar;D:\MyMaven\MyRepository\org\xmlunit\xmlunit-core\2.8.2\xmlunit-core-2.8.2.jar;D:\MyMaven\MyRepository\mysql\mysql-connector-java\8.0.25\mysql-connector-java-8.0.25.jar;D:\MyMaven\MyRepository\com\alibaba\druid-spring-boot-starter\1.2.6\druid-spring-boot-starter-1.2.6.jar;D:\MyMaven\MyRepository\com\alibaba\druid\1.2.6\druid-1.2.6.jar;D:\MyMaven\MyRepository\org\slf4j\slf4j-api\1.7.30\slf4j-api-1.7.30.jar;D:\MyMaven\MyRepository\com\baomidou\mybatis-plus-boot-starter\3.4.3\mybatis-plus-boot-starter-3.4.3.jar;D:\MyMaven\MyRepository\com\baomidou\mybatis-plus\3.4.3\mybatis-plus-3.4.3.jar;D:\MyMaven\MyRepository\com\baomidou\mybatis-plus-extension\3.4.3\mybatis-plus-extension-3.4.3.jar;D:\MyMaven\MyRepository\com\baomidou\mybatis-plus-core\3.4.3\mybatis-plus-core-3.4.3.jar;D:\MyMaven\MyRepository\com\baomidou\mybatis-plus-annotation\3.4.3\mybatis-plus-annotation-3.4.3.jar;D:\MyMaven\MyRepository\com\github\jsqlparser\jsqlparser\4.0\jsqlparser-4.0.jar;D:\MyMaven\MyRepository\org\mybatis\mybatis\3.5.7\mybatis-3.5.7.jar;D:\MyMaven\MyRepository\org\mybatis\mybatis-spring\2.0.6\mybatis-spring-2.0.6.jar;D:\MyMaven\MyRepository\org\springframework\boot\spring-boot-starter-jdbc\2.5.1\spring-boot-starter-jdbc-2.5.1.jar;D:\MyMaven\MyRepository\com\zaxxer\HikariCP\4.0.3\HikariCP-4.0.3.jar;D:\MyMaven\MyRepository\org\springframework\spring-jdbc\5.3.8\spring-jdbc-5.3.8.jar;D:\MyMaven\MyRepository\org\springframework\boot\spring-boot-starter-data-redis\2.5.1\spring-boot-starter-data-redis-2.5.1.jar;D:\MyMaven\MyRepository\org\springframework\data\spring-data-redis\2.5.1\spring-data-redis-2.5.1.jar;D:\MyMaven\MyRepository\org\springframework\data\spring-data-keyvalue\2.5.1\spring-data-keyvalue-2.5.1.jar;D:\MyMaven\MyRepository\org\springframework\data\spring-data-commons\2.5.1\spring-data-commons-2.5.1.jar;D:\MyMaven\MyRepository\org\springframework\spring-tx\5.3.8\spring-tx-5.3.8.jar;D:\MyMaven\MyRepository\org\springframework\spring-oxm\5.3.8\spring-oxm-5.3.8.jar;D:\MyMaven\MyRepository\org\springframework\spring-context-support\5.3.8\spring-context-support-5.3.8.jar;D:\MyMaven\MyRepository\io\lettuce\lettuce-core\6.1.2.RELEASE\lettuce-core-6.1.2.RELEASE.jar;D:\MyMaven\MyRepository\io\netty\netty-common\4.1.65.Final\netty-common-4.1.65.Final.jar;D:\MyMaven\MyRepository\io\netty\netty-handler\4.1.65.Final\netty-handler-4.1.65.Final.jar;D:\MyMaven\MyRepository\io\netty\netty-resolver\4.1.65.Final\netty-resolver-4.1.65.Final.jar;D:\MyMaven\MyRepository\io\netty\netty-buffer\4.1.65.Final\netty-buffer-4.1.65.Final.jar;D:\MyMaven\MyRepository\io\netty\netty-codec\4.1.65.Final\netty-codec-4.1.65.Final.jar;D:\MyMaven\MyRepository\io\netty\netty-transport\4.1.65.Final\netty-transport-4.1.65.Final.jar;D:\MyMaven\MyRepository\io\projectreactor\reactor-core\3.4.6\reactor-core-3.4.6.jar;D:\MyMaven\MyRepository\org\reactivestreams\reactive-streams\1.0.3\reactive-streams-1.0.3.jar;D:\MyMaven\MyRepository\org\junit\vintage\junit-vintage-engine\5.7.2\junit-vintage-engine-5.7.2.jar;D:\MyMaven\MyRepository\org\apiguardian\apiguardian-api\1.1.0\apiguardian-api-1.1.0.jar;D:\MyMaven\MyRepository\org\junit\platform\junit-platform-engine\1.7.2\junit-platform-engine-1.7.2.jar;D:\MyMaven\MyRepository\org\opentest4j\opentest4j\1.2.0\opentest4j-1.2.0.jar;D:\MyMaven\MyRepository\org\junit\platform\junit-platform-commons\1.7.2\junit-platform-commons-1.7.2.jar;D:\MyMaven\MyRepository\junit\junit\4.13.2\junit-4.13.2.jar;"/>
    <property name="sun.cpu.endian" value="little"/>
    <property name="user.home" value="C:\Users\肖江辉"/>
    <property name="user.language" value="zh"/>
    <property name="java.specification.vendor" value="Oracle Corporation"/>
    <property name="java.home" value="C:\Program Files\Java\jdk1.8.0_181\jre"/>
    <property name="basedir" value="D:\JavaLearn\JavaEE\SpringBootStudy\boot-web-admin"/>
    <property name="file.separator" value="\"/>
    <property name="line.separator" value="&#10;"/>
    <property name="java.vm.specification.vendor" value="Oracle Corporation"/>
    <property name="java.specification.name" value="Java Platform API Specification"/>
    <property name="java.awt.graphicsenv" value="sun.awt.Win32GraphicsEnvironment"/>
    <property name="surefire.real.class.path" value="C:\Users\肖江辉\AppData\Local\Temp\surefire1845605821706883569\surefirebooter1291563356477036904.jar"/>
    <property name="sun.boot.class.path" value="C:\Program Files\Java\jdk1.8.0_181\jre\lib\resources.jar;C:\Program Files\Java\jdk1.8.0_181\jre\lib\rt.jar;C:\Program Files\Java\jdk1.8.0_181\jre\lib\sunrsasign.jar;C:\Program Files\Java\jdk1.8.0_181\jre\lib\jsse.jar;C:\Program Files\Java\jdk1.8.0_181\jre\lib\jce.jar;C:\Program Files\Java\jdk1.8.0_181\jre\lib\charsets.jar;C:\Program Files\Java\jdk1.8.0_181\jre\lib\jfr.jar;C:\Program Files\Java\jdk1.8.0_181\jre\classes"/>
    <property name="user.script" value=""/>
    <property name="sun.management.compiler" value="HotSpot 64-Bit Tiered Compilers"/>
    <property name="java.runtime.version" value="1.8.0_181-b13"/>
    <property name="user.name" value="肖江辉"/>
    <property name="path.separator" value=";"/>
    <property name="os.version" value="10.0"/>
    <property name="java.endorsed.dirs" value="C:\Program Files\Java\jdk1.8.0_181\jre\lib\endorsed"/>
    <property name="java.runtime.name" value="Java(TM) SE Runtime Environment"/>
    <property name="file.encoding" value="GBK"/>
    <property name="java.vm.name" value="Java HotSpot(TM) 64-Bit Server VM"/>
    <property name="localRepository" value="D:\MyMaven\MyRepository"/>
    <property name="java.vendor.url.bug" value="http://bugreport.sun.com/bugreport/"/>
    <property name="java.io.tmpdir" value="C:\Users\肖江辉\AppData\Local\Temp\"/>
    <property name="idea.version" value="2021.1.3"/>
    <property name="java.version" value="1.8.0_181"/>
    <property name="user.dir" value="D:\JavaLearn\JavaEE\SpringBootStudy\boot-web-admin"/>
    <property name="os.arch" value="amd64"/>
    <property name="java.vm.specification.name" value="Java Virtual Machine Specification"/>
    <property name="java.awt.printerjob" value="sun.awt.windows.WPrinterJob"/>
    <property name="sun.os.patch.level" value=""/>
    <property name="java.library.path" value="C:\Program Files\Java\jdk1.8.0_181\jre\bin;C:\WINDOWS\Sun\Java\bin;C:\WINDOWS\system32;C:\WINDOWS;C:\Program Files\MySQL\MySQL Server 8.0\bin;C:\apache-tomcat-9.0.26\bin;C:\apache-tomcat-9.0.26\lib;C:\Program Files\Java\jdk1.8.0_181\bin;C:\Program Files\Java\jdk1.8.0_181\jre\bin;C:\WINDOWS\system32;C:\WINDOWS;C:\WINDOWS\System32\Wbem;C:\WINDOWS\System32\WindowsPowerShell\v1.0\;C:\WINDOWS\System32\OpenSSH\;C:\Program Files\dotnet\;%MAVEN_HOME%\bin;C:\Program Files\TortoiseSVN\bin;C:\Users\肖江辉\AppData\Local\Microsoft\WindowsApps;D:\Programmer\IntelliJ IDEA Community Edition 2019.2.3\bin;;D:\Programmer\IntelliJ IDEA 2019.3.1\bin;;Microsoft VS Code\bin;;D:\Programmer\Microsoft VS Code\bin;."/>
    <property name="java.vm.info" value="mixed mode"/>
    <property name="java.vendor" value="Oracle Corporation"/>
    <property name="java.vm.version" value="25.181-b13"/>
    <property name="java.ext.dirs" value="C:\Program Files\Java\jdk1.8.0_181\jre\lib\ext;C:\WINDOWS\Sun\Java\lib\ext"/>
    <property name="sun.io.unicode.encoding" value="UnicodeLittle"/>
    <property name="maven.repo.local" value="D:\MyMaven\MyRepository"/>
    <property name="java.class.version" value="52.0"/>
  </properties>
  <testcase name="testRedis" classname="com.xiao.bootwebadmin.BootWebAdminApplicationTests" time="11.75">
    <error message="Unable to connect to Redis; nested exception is io.lettuce.core.RedisConnectionException: Unable to connect to 192.168.242.135:6379" type="org.springframework.data.redis.RedisConnectionFailureException">org.springframework.data.redis.RedisConnectionFailureException: Unable to connect to Redis; nested exception is io.lettuce.core.RedisConnectionException: Unable to connect to 192.168.242.135:6379
	at com.xiao.bootwebadmin.BootWebAdminApplicationTests.testRedis(BootWebAdminApplicationTests.java:37)
Caused by: io.lettuce.core.RedisConnectionException: Unable to connect to 192.168.242.135:6379
	at com.xiao.bootwebadmin.BootWebAdminApplicationTests.testRedis(BootWebAdminApplicationTests.java:37)
Caused by: io.netty.channel.ConnectTimeoutException: connection timed out: /192.168.242.135:6379
</error>
    <system-out><![CDATA[19:10:01.294 [main] DEBUG org.springframework.test.context.BootstrapUtils - Instantiating CacheAwareContextLoaderDelegate from class [org.springframework.test.context.cache.DefaultCacheAwareContextLoaderDelegate]
19:10:01.308 [main] DEBUG org.springframework.test.context.BootstrapUtils - Instantiating BootstrapContext using constructor [public org.springframework.test.context.support.DefaultBootstrapContext(java.lang.Class,org.springframework.test.context.CacheAwareContextLoaderDelegate)]
19:10:01.372 [main] DEBUG org.springframework.test.context.BootstrapUtils - Instantiating TestContextBootstrapper for test class [com.xiao.bootwebadmin.BootWebAdminApplicationTests] from class [org.springframework.boot.test.context.SpringBootTestContextBootstrapper]
19:10:01.394 [main] INFO org.springframework.boot.test.context.SpringBootTestContextBootstrapper - Neither @ContextConfiguration nor @ContextHierarchy found for test class [com.xiao.bootwebadmin.BootWebAdminApplicationTests], using SpringBootContextLoader
19:10:01.399 [main] DEBUG org.springframework.test.context.support.AbstractContextLoader - Did not detect default resource location for test class [com.xiao.bootwebadmin.BootWebAdminApplicationTests]: class path resource [com/xiao/bootwebadmin/BootWebAdminApplicationTests-context.xml] does not exist
19:10:01.399 [main] DEBUG org.springframework.test.context.support.AbstractContextLoader - Did not detect default resource location for test class [com.xiao.bootwebadmin.BootWebAdminApplicationTests]: class path resource [com/xiao/bootwebadmin/BootWebAdminApplicationTestsContext.groovy] does not exist
19:10:01.400 [main] INFO org.springframework.test.context.support.AbstractContextLoader - Could not detect default resource locations for test class [com.xiao.bootwebadmin.BootWebAdminApplicationTests]: no resource found for suffixes {-context.xml, Context.groovy}.
19:10:01.401 [main] INFO org.springframework.test.context.support.AnnotationConfigContextLoaderUtils - Could not detect default configuration classes for test class [com.xiao.bootwebadmin.BootWebAdminApplicationTests]: BootWebAdminApplicationTests does not declare any static, non-private, non-final, nested classes annotated with @Configuration.
19:10:01.449 [main] DEBUG org.springframework.test.context.support.ActiveProfilesUtils - Could not find an 'annotation declaring class' for annotation type [org.springframework.test.context.ActiveProfiles] and class [com.xiao.bootwebadmin.BootWebAdminApplicationTests]
19:10:01.531 [main] DEBUG org.springframework.context.annotation.ClassPathScanningCandidateComponentProvider - Identified candidate component class: file [D:\JavaLearn\JavaEE\SpringBootStudy\boot-web-admin\target\classes\com\xiao\bootwebadmin\BootWebAdminApplication.class]
19:10:01.532 [main] INFO org.springframework.boot.test.context.SpringBootTestContextBootstrapper - Found @SpringBootConfiguration com.xiao.bootwebadmin.BootWebAdminApplication for test class com.xiao.bootwebadmin.BootWebAdminApplicationTests
19:10:01.643 [main] DEBUG org.springframework.boot.test.context.SpringBootTestContextBootstrapper - @TestExecutionListeners is not present for class [com.xiao.bootwebadmin.BootWebAdminApplicationTests]: using defaults.
19:10:01.644 [main] INFO org.springframework.boot.test.context.SpringBootTestContextBootstrapper - Loaded default TestExecutionListener class names from location [META-INF/spring.factories]: [org.springframework.boot.test.mock.mockito.MockitoTestExecutionListener, org.springframework.boot.test.mock.mockito.ResetMocksTestExecutionListener, org.springframework.boot.test.autoconfigure.restdocs.RestDocsTestExecutionListener, org.springframework.boot.test.autoconfigure.web.client.MockRestServiceServerResetTestExecutionListener, org.springframework.boot.test.autoconfigure.web.servlet.MockMvcPrintOnlyOnFailureTestExecutionListener, org.springframework.boot.test.autoconfigure.web.servlet.WebDriverTestExecutionListener, org.springframework.boot.test.autoconfigure.webservices.client.MockWebServiceServerTestExecutionListener, org.springframework.test.context.web.ServletTestExecutionListener, org.springframework.test.context.support.DirtiesContextBeforeModesTestExecutionListener, org.springframework.test.context.event.ApplicationEventsTestExecutionListener, org.springframework.test.context.support.DependencyInjectionTestExecutionListener, org.springframework.test.context.support.DirtiesContextTestExecutionListener, org.springframework.test.context.transaction.TransactionalTestExecutionListener, org.springframework.test.context.jdbc.SqlScriptsTestExecutionListener, org.springframework.test.context.event.EventPublishingTestExecutionListener]
19:10:01.666 [main] INFO org.springframework.boot.test.context.SpringBootTestContextBootstrapper - Using TestExecutionListeners: [org.springframework.test.context.web.ServletTestExecutionListener@1e16c0aa, org.springframework.test.context.support.DirtiesContextBeforeModesTestExecutionListener@13d73f29, org.springframework.test.context.event.ApplicationEventsTestExecutionListener@565f390, org.springframework.boot.test.mock.mockito.MockitoTestExecutionListener@7dc3712, org.springframework.boot.test.autoconfigure.SpringBootDependencyInjectionTestExecutionListener@2f67a4d3, org.springframework.test.context.support.DirtiesContextTestExecutionListener@5e3f861, org.springframework.test.context.transaction.TransactionalTestExecutionListener@2fb0623e, org.springframework.test.context.jdbc.SqlScriptsTestExecutionListener@49b2a47d, org.springframework.test.context.event.EventPublishingTestExecutionListener@5be1d0a4, org.springframework.boot.test.mock.mockito.ResetMocksTestExecutionListener@415b0b49, org.springframework.boot.test.autoconfigure.restdocs.RestDocsTestExecutionListener@6d5620ce, org.springframework.boot.test.autoconfigure.web.client.MockRestServiceServerResetTestExecutionListener@311bf055, org.springframework.boot.test.autoconfigure.web.servlet.MockMvcPrintOnlyOnFailureTestExecutionListener@642a7222, org.springframework.boot.test.autoconfigure.web.servlet.WebDriverTestExecutionListener@7d322cad, org.springframework.boot.test.autoconfigure.webservices.client.MockWebServiceServerTestExecutionListener@21be3395]
19:10:01.672 [main] DEBUG org.springframework.test.context.support.AbstractDirtiesContextTestExecutionListener - Before test class: context [DefaultTestContext@5c86dbc5 testClass = BootWebAdminApplicationTests, testInstance = [null], testMethod = [null], testException = [null], mergedContextConfiguration = [WebMergedContextConfiguration@461ad730 testClass = BootWebAdminApplicationTests, locations = '{}', classes = '{class com.xiao.bootwebadmin.BootWebAdminApplication}', contextInitializerClasses = '[]', activeProfiles = '{}', propertySourceLocations = '{}', propertySourceProperties = '{org.springframework.boot.test.context.SpringBootTestContextBootstrapper=true}', contextCustomizers = set[org.springframework.boot.test.context.filter.ExcludeFilterContextCustomizer@217ed35e, org.springframework.boot.test.json.DuplicateJsonObjectContextCustomizerFactory$DuplicateJsonObjectContextCustomizer@31190526, org.springframework.boot.test.mock.mockito.MockitoContextCustomizer@0, org.springframework.boot.test.web.client.TestRestTemplateContextCustomizer@4d1c00d0, org.springframework.boot.test.autoconfigure.actuate.metrics.MetricsExportContextCustomizerFactory$DisableMetricExportContextCustomizer@40005471, org.springframework.boot.test.autoconfigure.properties.PropertyMappingContextCustomizer@0, org.springframework.boot.test.autoconfigure.web.servlet.WebDriverContextCustomizerFactory$Customizer@4c178a76, org.springframework.boot.test.context.SpringBootTestArgs@1, org.springframework.boot.test.context.SpringBootTestWebEnvironment@42e26948], resourceBasePath = 'src/main/webapp', contextLoader = 'org.springframework.boot.test.context.SpringBootContextLoader', parent = [null]], attributes = map['org.springframework.test.context.web.ServletTestExecutionListener.activateListener' -> true]], class annotated with @DirtiesContext [false] with mode [null].
19:10:01.722 [main] DEBUG org.springframework.test.context.support.TestPropertySourceUtils - Adding inlined properties to environment: {spring.jmx.enabled=false, org.springframework.boot.test.context.SpringBootTestContextBootstrapper=true}

  .   ____          _            __ _ _
 /\\ / ___'_ __ _ _(_)_ __  __ _ \ \ \ \
( ( )\___ | '_ | '_| | '_ \/ _` | \ \ \ \
 \\/  ___)| |_)| | | | | || (_| |  ) ) ) )
  '  |____| .__|_| |_|_| |_\__, | / / / /
 =========|_|==============|___/=/_/_/_/
 :: Spring Boot ::                (v2.5.1)

2021-07-07 19:10:02.377  INFO 896 --- [           main] c.x.b.BootWebAdminApplicationTests       : Starting BootWebAdminApplicationTests using Java 1.8.0_181 on DESKTOP-GKDD4G6 with PID 896 (started by 肖江辉 in D:\JavaLearn\JavaEE\SpringBootStudy\boot-web-admin)
2021-07-07 19:10:02.380  INFO 896 --- [           main] c.x.b.BootWebAdminApplicationTests       : No active profile set, falling back to default profiles: default
2021-07-07 19:10:03.196  INFO 896 --- [           main] .s.d.r.c.RepositoryConfigurationDelegate : Multiple Spring Data modules found, entering strict repository configuration mode!
2021-07-07 19:10:03.200  INFO 896 --- [           main] .s.d.r.c.RepositoryConfigurationDelegate : Bootstrapping Spring Data Redis repositories in DEFAULT mode.
2021-07-07 19:10:03.236  INFO 896 --- [           main] .s.d.r.c.RepositoryConfigurationDelegate : Finished Spring Data repository scanning in 18 ms. Found 0 Redis repository interfaces.
2021-07-07 19:10:04.328  INFO 896 --- [           main] c.a.d.s.b.a.DruidDataSourceAutoConfigure : Init DruidDataSource
2021-07-07 19:10:04.828  INFO 896 --- [           main] com.alibaba.druid.pool.DruidDataSource   : {dataSource-1} inited
 _ _   |_  _ _|_. ___ _ |    _ 
| | |\/|_)(_| | |_\  |_)||_|_\ 
     /               |         
                        3.4.3 
2021-07-07 19:10:08.404  INFO 896 --- [           main] c.x.b.BootWebAdminApplicationTests       : Started BootWebAdminApplicationTests in 6.673 seconds (JVM running for 8.029)
]]></system-out>
  </testcase>
  <testcase name="contextLoads" classname="com.xiao.bootwebadmin.BootWebAdminApplicationTests" time="0.849"/>
</testsuite>