<?xml version="1.0" encoding="UTF-8"?>
<testsuite xmlns:xsi="http://www.w3.org/2001/XMLSchema-instance" xsi:noNamespaceSchemaLocation="https://maven.apache.org/surefire/maven-surefire-plugin/xsd/surefire-test-report.xsd" name="com.xiao.profile.BootFeaturesProfileApplicationTests" time="2.992" tests="1" errors="0" skipped="0" failures="0">
  <properties>
    <property name="sun.desktop" value="windows"/>
    <property name="awt.toolkit" value="sun.awt.windows.WToolkit"/>
    <property name="file.encoding.pkg" value="sun.io"/>
    <property name="java.specification.version" value="1.8"/>
    <property name="sun.cpu.isalist" value="amd64"/>
    <property name="sun.jnu.encoding" value="GBK"/>
    <property name="java.class.path" value="D:\JavaLearn\JavaEE\SpringBootStudy\boot-features-profile\target\test-classes;D:\JavaLearn\JavaEE\SpringBootStudy\boot-features-profile\target\classes;D:\MyMaven\MyRepository\org\springframework\boot\spring-boot-starter-web\2.5.2\spring-boot-starter-web-2.5.2.jar;D:\MyMaven\MyRepository\org\springframework\boot\spring-boot-starter\2.5.2\spring-boot-starter-2.5.2.jar;D:\MyMaven\MyRepository\org\springframework\boot\spring-boot\2.5.2\spring-boot-2.5.2.jar;D:\MyMaven\MyRepository\org\springframework\boot\spring-boot-autoconfigure\2.5.2\spring-boot-autoconfigure-2.5.2.jar;D:\MyMaven\MyRepository\org\springframework\boot\spring-boot-starter-logging\2.5.2\spring-boot-starter-logging-2.5.2.jar;D:\MyMaven\MyRepository\ch\qos\logback\logback-classic\1.2.3\logback-classic-1.2.3.jar;D:\MyMaven\MyRepository\ch\qos\logback\logback-core\1.2.3\logback-core-1.2.3.jar;D:\MyMaven\MyRepository\org\apache\logging\log4j\log4j-to-slf4j\2.14.1\log4j-to-slf4j-2.14.1.jar;D:\MyMaven\MyRepository\org\apache\logging\log4j\log4j-api\2.14.1\log4j-api-2.14.1.jar;D:\MyMaven\MyRepository\org\slf4j\jul-to-slf4j\1.7.31\jul-to-slf4j-1.7.31.jar;D:\MyMaven\MyRepository\jakarta\annotation\jakarta.annotation-api\1.3.5\jakarta.annotation-api-1.3.5.jar;D:\MyMaven\MyRepository\org\yaml\snakeyaml\1.28\snakeyaml-1.28.jar;D:\MyMaven\MyRepository\org\springframework\boot\spring-boot-starter-json\2.5.2\spring-boot-starter-json-2.5.2.jar;D:\MyMaven\MyRepository\com\fasterxml\jackson\core\jackson-databind\2.12.3\jackson-databind-2.12.3.jar;D:\MyMaven\MyRepository\com\fasterxml\jackson\core\jackson-annotations\2.12.3\jackson-annotations-2.12.3.jar;D:\MyMaven\MyRepository\com\fasterxml\jackson\core\jackson-core\2.12.3\jackson-core-2.12.3.jar;D:\MyMaven\MyRepository\com\fasterxml\jackson\datatype\jackson-datatype-jdk8\2.12.3\jackson-datatype-jdk8-2.12.3.jar;D:\MyMaven\MyRepository\com\fasterxml\jackson\datatype\jackson-datatype-jsr310\2.12.3\jackson-datatype-jsr310-2.12.3.jar;D:\MyMaven\MyRepository\com\fasterxml\jackson\module\jackson-module-parameter-names\2.12.3\jackson-module-parameter-names-2.12.3.jar;D:\MyMaven\MyRepository\org\springframework\boot\spring-boot-starter-tomcat\2.5.2\spring-boot-starter-tomcat-2.5.2.jar;D:\MyMaven\MyRepository\org\apache\tomcat\embed\tomcat-embed-core\9.0.48\tomcat-embed-core-9.0.48.jar;D:\MyMaven\MyRepository\org\apache\tomcat\embed\tomcat-embed-el\9.0.48\tomcat-embed-el-9.0.48.jar;D:\MyMaven\MyRepository\org\apache\tomcat\embed\tomcat-embed-websocket\9.0.48\tomcat-embed-websocket-9.0.48.jar;D:\MyMaven\MyRepository\org\springframework\spring-web\5.3.8\spring-web-5.3.8.jar;D:\MyMaven\MyRepository\org\springframework\spring-beans\5.3.8\spring-beans-5.3.8.jar;D:\MyMaven\MyRepository\org\springframework\spring-webmvc\5.3.8\spring-webmvc-5.3.8.jar;D:\MyMaven\MyRepository\org\springframework\spring-aop\5.3.8\spring-aop-5.3.8.jar;D:\MyMaven\MyRepository\org\springframework\spring-context\5.3.8\spring-context-5.3.8.jar;D:\MyMaven\MyRepository\org\springframework\spring-expression\5.3.8\spring-expression-5.3.8.jar;D:\MyMaven\MyRepository\org\springframework\boot\spring-boot-starter-test\2.5.2\spring-boot-starter-test-2.5.2.jar;D:\MyMaven\MyRepository\org\springframework\boot\spring-boot-test\2.5.2\spring-boot-test-2.5.2.jar;D:\MyMaven\MyRepository\org\springframework\boot\spring-boot-test-autoconfigure\2.5.2\spring-boot-test-autoconfigure-2.5.2.jar;D:\MyMaven\MyRepository\com\jayway\jsonpath\json-path\2.5.0\json-path-2.5.0.jar;D:\MyMaven\MyRepository\net\minidev\json-smart\2.4.7\json-smart-2.4.7.jar;D:\MyMaven\MyRepository\net\minidev\accessors-smart\2.4.7\accessors-smart-2.4.7.jar;D:\MyMaven\MyRepository\org\ow2\asm\asm\9.1\asm-9.1.jar;D:\MyMaven\MyRepository\org\slf4j\slf4j-api\1.7.31\slf4j-api-1.7.31.jar;D:\MyMaven\MyRepository\jakarta\xml\bind\jakarta.xml.bind-api\2.3.3\jakarta.xml.bind-api-2.3.3.jar;D:\MyMaven\MyRepository\jakarta\activation\jakarta.activation-api\1.2.2\jakarta.activation-api-1.2.2.jar;D:\MyMaven\MyRepository\org\assertj\assertj-core\3.19.0\assertj-core-3.19.0.jar;D:\MyMaven\MyRepository\org\hamcrest\hamcrest\2.2\hamcrest-2.2.jar;D:\MyMaven\MyRepository\org\junit\jupiter\junit-jupiter\5.7.2\junit-jupiter-5.7.2.jar;D:\MyMaven\MyRepository\org\junit\jupiter\junit-jupiter-api\5.7.2\junit-jupiter-api-5.7.2.jar;D:\MyMaven\MyRepository\org\apiguardian\apiguardian-api\1.1.0\apiguardian-api-1.1.0.jar;D:\MyMaven\MyRepository\org\opentest4j\opentest4j\1.2.0\opentest4j-1.2.0.jar;D:\MyMaven\MyRepository\org\junit\platform\junit-platform-commons\1.7.2\junit-platform-commons-1.7.2.jar;D:\MyMaven\MyRepository\org\junit\jupiter\junit-jupiter-params\5.7.2\junit-jupiter-params-5.7.2.jar;D:\MyMaven\MyRepository\org\junit\jupiter\junit-jupiter-engine\5.7.2\junit-jupiter-engine-5.7.2.jar;D:\MyMaven\MyRepository\org\junit\platform\junit-platform-engine\1.7.2\junit-platform-engine-1.7.2.jar;D:\MyMaven\MyRepository\org\mockito\mockito-core\3.9.0\mockito-core-3.9.0.jar;D:\MyMaven\MyRepository\net\bytebuddy\byte-buddy\1.10.22\byte-buddy-1.10.22.jar;D:\MyMaven\MyRepository\net\bytebuddy\byte-buddy-agent\1.10.22\byte-buddy-agent-1.10.22.jar;D:\MyMaven\MyRepository\org\objenesis\objenesis\3.2\objenesis-3.2.jar;D:\MyMaven\MyRepository\org\mockito\mockito-junit-jupiter\3.9.0\mockito-junit-jupiter-3.9.0.jar;D:\MyMaven\MyRepository\org\skyscreamer\jsonassert\1.5.0\jsonassert-1.5.0.jar;D:\MyMaven\MyRepository\com\vaadin\external\google\android-json\0.0.20131108.vaadin1\android-json-0.0.20131108.vaadin1.jar;D:\MyMaven\MyRepository\org\springframework\spring-core\5.3.8\spring-core-5.3.8.jar;D:\MyMaven\MyRepository\org\springframework\spring-jcl\5.3.8\spring-jcl-5.3.8.jar;D:\MyMaven\MyRepository\org\springframework\spring-test\5.3.8\spring-test-5.3.8.jar;D:\MyMaven\MyRepository\org\xmlunit\xmlunit-core\2.8.2\xmlunit-core-2.8.2.jar;"/>
    <property name="java.vm.vendor" value="Oracle Corporation"/>
    <property name="sun.arch.data.model" value="64"/>
    <property name="user.variant" value=""/>
    <property name="java.vendor.url" value="http://java.oracle.com/"/>
    <property name="user.timezone" value="Asia/Shanghai"/>
    <property name="java.vm.specification.version" value="1.8"/>
    <property name="os.name" value="Windows 10"/>
    <property name="user.country" value="CN"/>
    <property name="sun.java.launcher" value="SUN_STANDARD"/>
    <property name="sun.boot.library.path" value="C:\Program Files\Java\jdk1.8.0_181\jre\bin"/>
    <property name="sun.java.command" value="C:\Users\肖江辉\AppData\Local\Temp\surefire4190587342430650224\surefirebooter7943104879771343781.jar C:\Users\肖江辉\AppData\Local\Temp\surefire4190587342430650224 2021-07-08T16-04-16_963-jvmRun1 surefire7643073995264915445tmp surefire_05054147861992065610tmp"/>
    <property name="surefire.test.class.path" value="D:\JavaLearn\JavaEE\SpringBootStudy\boot-features-profile\target\test-classes;D:\JavaLearn\JavaEE\SpringBootStudy\boot-features-profile\target\classes;D:\MyMaven\MyRepository\org\springframework\boot\spring-boot-starter-web\2.5.2\spring-boot-starter-web-2.5.2.jar;D:\MyMaven\MyRepository\org\springframework\boot\spring-boot-starter\2.5.2\spring-boot-starter-2.5.2.jar;D:\MyMaven\MyRepository\org\springframework\boot\spring-boot\2.5.2\spring-boot-2.5.2.jar;D:\MyMaven\MyRepository\org\springframework\boot\spring-boot-autoconfigure\2.5.2\spring-boot-autoconfigure-2.5.2.jar;D:\MyMaven\MyRepository\org\springframework\boot\spring-boot-starter-logging\2.5.2\spring-boot-starter-logging-2.5.2.jar;D:\MyMaven\MyRepository\ch\qos\logback\logback-classic\1.2.3\logback-classic-1.2.3.jar;D:\MyMaven\MyRepository\ch\qos\logback\logback-core\1.2.3\logback-core-1.2.3.jar;D:\MyMaven\MyRepository\org\apache\logging\log4j\log4j-to-slf4j\2.14.1\log4j-to-slf4j-2.14.1.jar;D:\MyMaven\MyRepository\org\apache\logging\log4j\log4j-api\2.14.1\log4j-api-2.14.1.jar;D:\MyMaven\MyRepository\org\slf4j\jul-to-slf4j\1.7.31\jul-to-slf4j-1.7.31.jar;D:\MyMaven\MyRepository\jakarta\annotation\jakarta.annotation-api\1.3.5\jakarta.annotation-api-1.3.5.jar;D:\MyMaven\MyRepository\org\yaml\snakeyaml\1.28\snakeyaml-1.28.jar;D:\MyMaven\MyRepository\org\springframework\boot\spring-boot-starter-json\2.5.2\spring-boot-starter-json-2.5.2.jar;D:\MyMaven\MyRepository\com\fasterxml\jackson\core\jackson-databind\2.12.3\jackson-databind-2.12.3.jar;D:\MyMaven\MyRepository\com\fasterxml\jackson\core\jackson-annotations\2.12.3\jackson-annotations-2.12.3.jar;D:\MyMaven\MyRepository\com\fasterxml\jackson\core\jackson-core\2.12.3\jackson-core-2.12.3.jar;D:\MyMaven\MyRepository\com\fasterxml\jackson\datatype\jackson-datatype-jdk8\2.12.3\jackson-datatype-jdk8-2.12.3.jar;D:\MyMaven\MyRepository\com\fasterxml\jackson\datatype\jackson-datatype-jsr310\2.12.3\jackson-datatype-jsr310-2.12.3.jar;D:\MyMaven\MyRepository\com\fasterxml\jackson\module\jackson-module-parameter-names\2.12.3\jackson-module-parameter-names-2.12.3.jar;D:\MyMaven\MyRepository\org\springframework\boot\spring-boot-starter-tomcat\2.5.2\spring-boot-starter-tomcat-2.5.2.jar;D:\MyMaven\MyRepository\org\apache\tomcat\embed\tomcat-embed-core\9.0.48\tomcat-embed-core-9.0.48.jar;D:\MyMaven\MyRepository\org\apache\tomcat\embed\tomcat-embed-el\9.0.48\tomcat-embed-el-9.0.48.jar;D:\MyMaven\MyRepository\org\apache\tomcat\embed\tomcat-embed-websocket\9.0.48\tomcat-embed-websocket-9.0.48.jar;D:\MyMaven\MyRepository\org\springframework\spring-web\5.3.8\spring-web-5.3.8.jar;D:\MyMaven\MyRepository\org\springframework\spring-beans\5.3.8\spring-beans-5.3.8.jar;D:\MyMaven\MyRepository\org\springframework\spring-webmvc\5.3.8\spring-webmvc-5.3.8.jar;D:\MyMaven\MyRepository\org\springframework\spring-aop\5.3.8\spring-aop-5.3.8.jar;D:\MyMaven\MyRepository\org\springframework\spring-context\5.3.8\spring-context-5.3.8.jar;D:\MyMaven\MyRepository\org\springframework\spring-expression\5.3.8\spring-expression-5.3.8.jar;D:\MyMaven\MyRepository\org\springframework\boot\spring-boot-starter-test\2.5.2\spring-boot-starter-test-2.5.2.jar;D:\MyMaven\MyRepository\org\springframework\boot\spring-boot-test\2.5.2\spring-boot-test-2.5.2.jar;D:\MyMaven\MyRepository\org\springframework\boot\spring-boot-test-autoconfigure\2.5.2\spring-boot-test-autoconfigure-2.5.2.jar;D:\MyMaven\MyRepository\com\jayway\jsonpath\json-path\2.5.0\json-path-2.5.0.jar;D:\MyMaven\MyRepository\net\minidev\json-smart\2.4.7\json-smart-2.4.7.jar;D:\MyMaven\MyRepository\net\minidev\accessors-smart\2.4.7\accessors-smart-2.4.7.jar;D:\MyMaven\MyRepository\org\ow2\asm\asm\9.1\asm-9.1.jar;D:\MyMaven\MyRepository\org\slf4j\slf4j-api\1.7.31\slf4j-api-1.7.31.jar;D:\MyMaven\MyRepository\jakarta\xml\bind\jakarta.xml.bind-api\2.3.3\jakarta.xml.bind-api-2.3.3.jar;D:\MyMaven\MyRepository\jakarta\activation\jakarta.activation-api\1.2.2\jakarta.activation-api-1.2.2.jar;D:\MyMaven\MyRepository\org\assertj\assertj-core\3.19.0\assertj-core-3.19.0.jar;D:\MyMaven\MyRepository\org\hamcrest\hamcrest\2.2\hamcrest-2.2.jar;D:\MyMaven\MyRepository\org\junit\jupiter\junit-jupiter\5.7.2\junit-jupiter-5.7.2.jar;D:\MyMaven\MyRepository\org\junit\jupiter\junit-jupiter-api\5.7.2\junit-jupiter-api-5.7.2.jar;D:\MyMaven\MyRepository\org\apiguardian\apiguardian-api\1.1.0\apiguardian-api-1.1.0.jar;D:\MyMaven\MyRepository\org\opentest4j\opentest4j\1.2.0\opentest4j-1.2.0.jar;D:\MyMaven\MyRepository\org\junit\platform\junit-platform-commons\1.7.2\junit-platform-commons-1.7.2.jar;D:\MyMaven\MyRepository\org\junit\jupiter\junit-jupiter-params\5.7.2\junit-jupiter-params-5.7.2.jar;D:\MyMaven\MyRepository\org\junit\jupiter\junit-jupiter-engine\5.7.2\junit-jupiter-engine-5.7.2.jar;D:\MyMaven\MyRepository\org\junit\platform\junit-platform-engine\1.7.2\junit-platform-engine-1.7.2.jar;D:\MyMaven\MyRepository\org\mockito\mockito-core\3.9.0\mockito-core-3.9.0.jar;D:\MyMaven\MyRepository\net\bytebuddy\byte-buddy\1.10.22\byte-buddy-1.10.22.jar;D:\MyMaven\MyRepository\net\bytebuddy\byte-buddy-agent\1.10.22\byte-buddy-agent-1.10.22.jar;D:\MyMaven\MyRepository\org\objenesis\objenesis\3.2\objenesis-3.2.jar;D:\MyMaven\MyRepository\org\mockito\mockito-junit-jupiter\3.9.0\mockito-junit-jupiter-3.9.0.jar;D:\MyMaven\MyRepository\org\skyscreamer\jsonassert\1.5.0\jsonassert-1.5.0.jar;D:\MyMaven\MyRepository\com\vaadin\external\google\android-json\0.0.20131108.vaadin1\android-json-0.0.20131108.vaadin1.jar;D:\MyMaven\MyRepository\org\springframework\spring-core\5.3.8\spring-core-5.3.8.jar;D:\MyMaven\MyRepository\org\springframework\spring-jcl\5.3.8\spring-jcl-5.3.8.jar;D:\MyMaven\MyRepository\org\springframework\spring-test\5.3.8\spring-test-5.3.8.jar;D:\MyMaven\MyRepository\org\xmlunit\xmlunit-core\2.8.2\xmlunit-core-2.8.2.jar;"/>
    <property name="sun.cpu.endian" value="little"/>
    <property name="user.home" value="C:\Users\肖江辉"/>
    <property name="user.language" value="zh"/>
    <property name="java.specification.vendor" value="Oracle Corporation"/>
    <property name="java.home" value="C:\Program Files\Java\jdk1.8.0_181\jre"/>
    <property name="basedir" value="D:\JavaLearn\JavaEE\SpringBootStudy\boot-features-profile"/>
    <property name="file.separator" value="\"/>
    <property name="line.separator" value="&#10;"/>
    <property name="java.vm.specification.vendor" value="Oracle Corporation"/>
    <property name="java.specification.name" value="Java Platform API Specification"/>
    <property name="java.awt.graphicsenv" value="sun.awt.Win32GraphicsEnvironment"/>
    <property name="surefire.real.class.path" value="C:\Users\肖江辉\AppData\Local\Temp\surefire4190587342430650224\surefirebooter7943104879771343781.jar"/>
    <property name="sun.boot.class.path" value="C:\Program Files\Java\jdk1.8.0_181\jre\lib\resources.jar;C:\Program Files\Java\jdk1.8.0_181\jre\lib\rt.jar;C:\Program Files\Java\jdk1.8.0_181\jre\lib\sunrsasign.jar;C:\Program Files\Java\jdk1.8.0_181\jre\lib\jsse.jar;C:\Program Files\Java\jdk1.8.0_181\jre\lib\jce.jar;C:\Program Files\Java\jdk1.8.0_181\jre\lib\charsets.jar;C:\Program Files\Java\jdk1.8.0_181\jre\lib\jfr.jar;C:\Program Files\Java\jdk1.8.0_181\jre\classes"/>
    <property name="user.script" value=""/>
    <property name="sun.management.compiler" value="HotSpot 64-Bit Tiered Compilers"/>
    <property name="java.runtime.version" value="1.8.0_181-b13"/>
    <property name="user.name" value="肖江辉"/>
    <property name="path.separator" value=";"/>
    <property name="os.version" value="10.0"/>
    <property name="java.endorsed.dirs" value="C:\Program Files\Java\jdk1.8.0_181\jre\lib\endorsed"/>
    <property name="java.runtime.name" value="Java(TM) SE Runtime Environment"/>
    <property name="file.encoding" value="GBK"/>
    <property name="java.vm.name" value="Java HotSpot(TM) 64-Bit Server VM"/>
    <property name="localRepository" value="D:\MyMaven\MyRepository"/>
    <property name="java.vendor.url.bug" value="http://bugreport.sun.com/bugreport/"/>
    <property name="java.io.tmpdir" value="C:\Users\肖江辉\AppData\Local\Temp\"/>
    <property name="idea.version" value="2021.1.3"/>
    <property name="java.version" value="1.8.0_181"/>
    <property name="user.dir" value="D:\JavaLearn\JavaEE\SpringBootStudy\boot-features-profile"/>
    <property name="os.arch" value="amd64"/>
    <property name="java.vm.specification.name" value="Java Virtual Machine Specification"/>
    <property name="java.awt.printerjob" value="sun.awt.windows.WPrinterJob"/>
    <property name="sun.os.patch.level" value=""/>
    <property name="java.library.path" value="C:\Program Files\Java\jdk1.8.0_181\jre\bin;C:\WINDOWS\Sun\Java\bin;C:\WINDOWS\system32;C:\WINDOWS;C:\Program Files\MySQL\MySQL Server 8.0\bin;C:\apache-tomcat-9.0.26\bin;C:\apache-tomcat-9.0.26\lib;C:\Program Files\Java\jdk1.8.0_181\bin;C:\Program Files\Java\jdk1.8.0_181\jre\bin;C:\WINDOWS\system32;C:\WINDOWS;C:\WINDOWS\System32\Wbem;C:\WINDOWS\System32\WindowsPowerShell\v1.0\;C:\WINDOWS\System32\OpenSSH\;C:\Program Files\dotnet\;%MAVEN_HOME%\bin;C:\Program Files\TortoiseSVN\bin;C:\Users\肖江辉\AppData\Local\Microsoft\WindowsApps;D:\Programmer\IntelliJ IDEA Community Edition 2019.2.3\bin;;D:\Programmer\IntelliJ IDEA 2019.3.1\bin;;Microsoft VS Code\bin;;D:\Programmer\Microsoft VS Code\bin;."/>
    <property name="java.vm.info" value="mixed mode"/>
    <property name="java.vendor" value="Oracle Corporation"/>
    <property name="java.vm.version" value="25.181-b13"/>
    <property name="java.ext.dirs" value="C:\Program Files\Java\jdk1.8.0_181\jre\lib\ext;C:\WINDOWS\Sun\Java\lib\ext"/>
    <property name="sun.io.unicode.encoding" value="UnicodeLittle"/>
    <property name="maven.repo.local" value="D:\MyMaven\MyRepository"/>
    <property name="java.class.version" value="52.0"/>
  </properties>
  <testcase name="contextLoads" classname="com.xiao.profile.BootFeaturesProfileApplicationTests" time="0.348"/>
</testsuite>